0 info it worked if it ends with ok
1 verbose cli [ 'node', '/usr/local/bin/npm', 'run-script', 'lint' ]
2 info using npm@1.4.16
3 info using node@v0.10.28
4 verbose node symlink /usr/local/bin/node
5 verbose run-script [ 'prelint', 'lint', 'postlint' ]
6 info prelint famous@0.2.2
7 info lint famous@0.2.2
8 verbose unsafe-perm in lifecycle true
9 info famous@0.2.2 Failed to exec lint script
10 error famous@0.2.2 lint: `npm run lint-eslint && npm run lint-jscs`
10 error Exit status 1
11 error Failed at the famous@0.2.2 lint script.
11 error This is most likely a problem with the famous package,
11 error not with npm itself.
11 error Tell the author that this fails on your system:
11 error     npm run lint-eslint && npm run lint-jscs
11 error You can get their info via:
11 error     npm owner ls famous
11 error There is likely additional logging output above.
12 error System Darwin 13.1.0
13 error command "node" "/usr/local/bin/npm" "run-script" "lint"
14 error cwd /Users/mike/famous/mike
15 error node -v v0.10.28
16 error npm -v 1.4.16
17 error code ELIFECYCLE
18 verbose exit [ 1, true ]
